<?xml version="1.0" encoding="UTF-8"?>
<!-- Generated by org.testng.reporters.JUnitXMLReporter -->
<testsuite hostname="REM-LT-190506E" ignored="0" name="User_Login" tests="1" failures="0" timestamp="2021-05-17T10:00:25 CDT" time="2.281" errors="0">
  <testcase name="@BeforeTest beforeTest" time="2.215" classname="com.exercise3.TestsE3">
    <failure type="org.openqa.selenium.SessionNotCreatedException" message="session not created: This version of ChromeDriver only supports Chrome version 80
Build info: version: &amp;apos;3.141.59&amp;apos;, revision: &amp;apos;e82be7d358&amp;apos;, time: &amp;apos;2018-11-14T08:25:48&amp;apos;
System info: host: &amp;apos;REM-LT-190506E&amp;apos;, ip: &amp;apos;172.16.2.52&amp;apos;, os.name: &amp;apos;Windows 10&amp;apos;, os.arch: &amp;apos;amd64&amp;apos;, os.version: &amp;apos;10.0&amp;apos;, java.version: &amp;apos;1.8.0_231&amp;apos;
Driver info: driver.version: ChromeDriver
remote stacktrace: Backtrace:
	Ordinal0 [0x01080C83+1707139]
	Ordinal0 [0x00FE68F1+1075441]
	Ordinal0 [0x00F5DFC9+516041]
	Ordinal0 [0x00EF0554+66900]
	Ordinal0 [0x00EECCE2+52450]
	Ordinal0 [0x00F0BFD7+180183]
	Ordinal0 [0x00F0BDDD+179677]
	Ordinal0 [0x00F09D4B+171339]
	Ordinal0 [0x00EF1D4A+73034]
	Ordinal0 [0x00EF2DC0+77248]
	Ordinal0 [0x00EF2D59+77145]
	Ordinal0 [0x00FFBB67+1162087]
	GetHandleVerifier [0x0111A966+508998]
	GetHandleVerifier [0x0111A6A4+508292]
	GetHandleVerifier [0x0112F7B7+594583]
	GetHandleVerifier [0x0111B1D6+511158]
	Ordinal0 [0x00FF402C+1130540]
	Ordinal0 [0x00FFD4CB+1168587]
	Ordinal0 [0x00FFD633+1168947]
	Ordinal0 [0x01015B35+1268533]
	BaseThreadInitThunk [0x75C6FA29+25]
	RtlGetAppContainerNamedObjectPath [0x77067A7E+286]
	RtlGetAppContainerNamedObjectPath [0x77067A4E+238]
">
      <![CDATA[org.openqa.selenium.SessionNotCreatedException: session not created: This version of ChromeDriver only supports Chrome version 80
Build info: version: '3.141.59', revision: 'e82be7d358', time: '2018-11-14T08:25:48'
System info: host: 'REM-LT-190506E', ip: '172.16.2.52', os.name: 'Windows 10', os.arch: 'amd64', os.version: '10.0', java.version: '1.8.0_231'
Driver info: driver.version: ChromeDriver
remote stacktrace: Backtrace:
Ordinal0 [0x01080C83+1707139]
Ordinal0 [0x00FE68F1+1075441]
Ordinal0 [0x00F5DFC9+516041]
Ordinal0 [0x00EF0554+66900]
Ordinal0 [0x00EECCE2+52450]
Ordinal0 [0x00F0BFD7+180183]
Ordinal0 [0x00F0BDDD+179677]
Ordinal0 [0x00F09D4B+171339]
Ordinal0 [0x00EF1D4A+73034]
Ordinal0 [0x00EF2DC0+77248]
Ordinal0 [0x00EF2D59+77145]
Ordinal0 [0x00FFBB67+1162087]
GetHandleVerifier [0x0111A966+508998]
GetHandleVerifier [0x0111A6A4+508292]
GetHandleVerifier [0x0112F7B7+594583]
GetHandleVerifier [0x0111B1D6+511158]
Ordinal0 [0x00FF402C+1130540]
Ordinal0 [0x00FFD4CB+1168587]
Ordinal0 [0x00FFD633+1168947]
Ordinal0 [0x01015B35+1268533]
BaseThreadInitThunk [0x75C6FA29+25]
RtlGetAppContainerNamedObjectPath [0x77067A7E+286]
RtlGetAppContainerNamedObjectPath [0x77067A4E+238]

at org.openqa.selenium.remote.W3CHandshakeResponse.lambda$errorHandler$0(W3CHandshakeResponse.java:62)
at org.openqa.selenium.remote.HandshakeResponse.lambda$getResponseFunction$0(HandshakeResponse.java:30)
at org.openqa.selenium.remote.ProtocolHandshake.lambda$createSession$0(ProtocolHandshake.java:126)
at java.util.stream.ReferencePipeline$3$1.accept(Unknown Source)
at java.util.Spliterators$ArraySpliterator.tryAdvance(Unknown Source)
at java.util.stream.ReferencePipeline.forEachWithCancel(Unknown Source)
at java.util.stream.AbstractPipeline.copyIntoWithCancel(Unknown Source)
at java.util.stream.AbstractPipeline.copyInto(Unknown Source)
at java.util.stream.AbstractPipeline.wrapAndCopyInto(Unknown Source)
at java.util.stream.FindOps$FindOp.evaluateSequential(Unknown Source)
at java.util.stream.AbstractPipeline.evaluate(Unknown Source)
at java.util.stream.ReferencePipeline.findFirst(Unknown Source)
at org.openqa.selenium.remote.ProtocolHandshake.createSession(ProtocolHandshake.java:128)
at org.openqa.selenium.remote.ProtocolHandshake.createSession(ProtocolHandshake.java:74)
at org.openqa.selenium.remote.HttpCommandExecutor.execute(HttpCommandExecutor.java:136)
at org.openqa.selenium.remote.service.DriverCommandExecutor.execute(DriverCommandExecutor.java:83)
at org.openqa.selenium.remote.RemoteWebDriver.execute(RemoteWebDriver.java:552)
at org.openqa.selenium.remote.RemoteWebDriver.startSession(RemoteWebDriver.java:213)
at org.openqa.selenium.remote.RemoteWebDriver.<init>(RemoteWebDriver.java:131)
at org.openqa.selenium.chrome.ChromeDriver.<init>(ChromeDriver.java:181)
at org.openqa.selenium.chrome.ChromeDriver.<init>(ChromeDriver.java:168)
at org.openqa.selenium.chrome.ChromeDriver.<init>(ChromeDriver.java:123)
at com.exercise3.Browser.goTo(Browser.java:43)
at com.exercise3.AmazonPage.goToAmazon(AmazonPage.java:8)
at com.exercise3.TestsE3.beforeTest(TestsE3.java:115)
... Removed 28 stack frames]]>
    </failure>
  </testcase> <!-- @BeforeTest beforeTest -->
  <testcase name="@AfterTest afterTest" time="-1.621263625128E9" classname="com.exercise3.TestsE3">
    <skipped/>
  </testcase> <!-- @AfterTest afterTest -->
  <testcase name="User_Login" time="0.0" classname="com.exercise3.TestsE3">
    <skipped/>
  </testcase> <!-- User_Login -->
</testsuite> <!-- User_Login -->
