<?xml version="1.0" encoding="UTF-8"?>
<testng-results skipped="0" failed="0" ignored="0" total="1" passed="1">
  <reporter-output>
  </reporter-output>
  <suite name="Default suite" duration-ms="16923" started-at="2020-03-11T16:05:48 CST" finished-at="2020-03-11T16:06:05 CST">
    <groups>
    </groups>
    <test name="Default test" duration-ms="16923" started-at="2020-03-11T16:05:48 CST" finished-at="2020-03-11T16:06:05 CST">
      <class name="com.exercise3.TestsE3">
        <test-method status="PASS" signature="beforeTest()[pri:0, instance:com.exercise3.TestsE3@67205a84]" name="beforeTest" is-config="true" duration-ms="12269" started-at="2020-03-11T16:05:48 CST" finished-at="2020-03-11T16:06:01 CST">
          <reporter-output>
          </reporter-output>
        </test-method> <!-- beforeTest -->
        <test-method status="PASS" signature="User_Login()[pri:0, instance:com.exercise3.TestsE3@67205a84]" name="User_Login" duration-ms="3182" started-at="2020-03-11T16:06:01 CST" finished-at="2020-03-11T16:06:04 CST">
          <reporter-output>
          </reporter-output>
        </test-method> <!-- User_Login -->
        <test-method status="PASS" signature="afterTest()[pri:0, instance:com.exercise3.TestsE3@67205a84]" name="afterTest" is-config="true" duration-ms="1439" started-at="2020-03-11T16:06:04 CST" finished-at="2020-03-11T16:06:05 CST">
          <reporter-output>
          </reporter-output>
        </test-method> <!-- afterTest -->
      </class> <!-- com.exercise3.TestsE3 -->
    </test> <!-- Default test -->
  </suite> <!-- Default suite -->
</testng-results>
